-67579 -79737 -8549 -24156 23156 -618 44202 18714 -36948 54510 -51751 -34042 88454 98283 -66168 34935 -82835 -95040 93617 19307 30283 18541 -77652 54244
-3398 -46365 27509 -84596 52844 38805 29954 97071 62694 -84615 -25532 14825 78109 -41397 86850 -82213 -5519 -78137 15842 85664 -83691 48986 -64417 87281
-44310 90417 -7202 -83820 -90948 -71537 -90375 -80909 92773 21666 16291 -12544 -3669 12392 3586 -33345 -89238 23872 -65251 -54875 -76005 -117 -30450 -92792
28273 -24375 67076 70009 -6836 19635 90927 9640 -219 81381 56719 -77324 -88871 -90589 70333 5267 22433 -45518 -51902 -5505 51867 -29593 -80155 74089
-12046 -31322 96188 38681 -81387 57418 -85540 -88470 1313 16698 18256 60170 -34633 23971 -62091 82787 -22733 -870 42061 -45186 -28877 -79892 82781 70062
45646 36062 -71141 72130 81182 36734 46359 -7461 -87600 34067 77447 -35097 61234 -99286 -68611 -1956 -64104 59768 94517 66732 17816 -82302 -12751 -78454
61853 -62522 31643 1652 21905 -58460 59556 -30805 -3935 -22555 -65837 -43161 95058 31559 1891 34248 -43320 -61749 -86561 7934 -40200 -42703 -22858 -48770
-29778 -34011 -37824 -99143 -80530 76889 91349 29969 58371 -97842 20414 -92328 -26961 24099 62009 -28116 49151 -51720 17430 72244 70456 17653 434 97585
55129 -81720 74229 46358 -45371 18452 91901 -15561 -3160 57996 35442 27434 -84244 -83530 -52141 -27007 8889 -31344 90262 -15918 -98103 46686 -66066 -44520
12931 50409 -90859 -62118 59787 28416 -12029 -15745 7410 84855 46108 30036 25094 -43348 -14368 -80121 -96352 -58100 -44661 -9638 -22749 34548 38779 90009
-10426 -17348 44829 -27225 -7755 96223 14661 71719 30089 32247 79750 87422 87551 11649 -99254 -27370 -78220 97150 14580 -86088 84369 2021 29544 27128
-46210 -27930 73388 19746 1464 -80085 38905 -76656 -52727 -94732 40710 95234 -89011 -72540 -24681 48312 84290 80035 -2614 81468 10455 -42860 -81837 -26357
35056 -14536 -78306 -40424 46453 -25132 62840 74184 -18407 93538 -33266 96770 -51048 -67307 18326 38205 -31057 10843 -6729 83633 -39117 95432 34210 -48692
16055 98708 43536 -83690 -64356 58957 -26383 72425 2513 61850 41599 -43890 -56340 -17602 -16855 55775 77556 1794 43463 -15535 -31167 -2057 54577 -91207
-15450 -16291 -42904 3931 32484 -20511 -81607 68827 -83901 -78633 -10833 -15600 -4611 -50062 25258 -99342 12038 -7928 89458 70926 -91531 -34391 -16228 -15496
51411 63964 85659 72324 18776 93645 -16427 84846 93529 87066 -46201 77658 -73390 -40697 4718 70013 -61045 -23113 70158 53790 -85328 37193 98493 76890
31339 -42865 27760 44070 6803 -34241 -33535 -61111 -31508 -69659 -971 -17772 -47023 35376 -81480 74295 -21061 7823 78375 -37161 -41239 -16206 -61630 -52837
56254 67052 -75853 -44832 87652 94230 -87377 8539 24639 -26905 62262 73751 96230 -53833 -1486 -73738 38300 -69629 -80171 17844 -46598 19011 29872 41465
99791 -9157 -23499 75915 -5310 -84577 -73915 38021 31549 18614 -498 -22841 -69142 -82749 21969 -80930 -41975 -37999 -67842 13037 -45201 19081 17573 -78449
-54931 2204 -70037 1122 -92075 -99227 94329 -66783 1709 -40861 58169 -59604 -79537 55839 74359 -24258 -18229 16683 -4943 57897 -83343 451 -34090 -59837
-97650 69402 20638 2895 -82364 -88135 51578 -39883 84756 84940 47202 -51959 -55730 -82473 16041 42303 -92309 -61937 84982 -70086 -16684 29416 -40713 27841
-83565 7278 10869 -86128 -64349 78165 -95751 -30641 -99093 -53390 -26799 50361 81219 98470 -52472 -33402 -48287 13714 -27038 85999 -59203 -13032 -95460 53182
-56487 45718 75681 -23197 -88183 39680 34008 -5685 96024 82253 -32490 -65005 -44542 -88704 12744 15576 24436 -58882 -36736 -78840 64908 -34642 -41642 -1479
-92859 3632 51359 -45746 98980 -89156 62423 49629 -38527 -53588 20703 68745 40104 57631 -99239 -29847 -22155 -57003 -72022 84982 -31703 97713 84089 11929
8112 42479 80437 94309 57050 35214 -33448 35912 -36092 10519 83720 -38831 69478 67947 42564 -90838 87965 -71233 1729 -85183 82704 -30329 -98699 54483
37629 -16654 86117 90009 -98175 41505 -97398 -3083 -79971 -97719 -30209 4787 -12666 -1369 38464 81129 5564 -26229 37036 58196 -49808 -57360 998 99519
59032 89753 41111 22454 21433 32278 -78211 -1493 59980 -93609 -45816 -77072 -9879 -52248 75603 -54245 23600 -6314 -51247 -66266 2031 -73168 38010 77028
70998 -59435 -78998 42400 -551 -65338 -71696 64216 -71877 -34269 -50549 -62291 -92814 75134 -55214 -46052 69002 97770 -502 14315 -2981 66690 67991 -50438
-39248 -28812 -42696 -52688 76227 -55180 -52578 44339 64369 -6261 -9380 22496 -90171 -64451 74014 55142 87796 -38434 25691 -89024 -38832 3808 -95195 -95677
57033 46785 -12104 -89651 -41128 91150 40028 65624 25603 -40917 13267 -36716 53406 28247 3849 49604 -99707 -6021 42733 3556 32677 -13402 -75392 -98365
34727 75292 23383 92873 -7679 -45927 -17623 73682 -98196 -32464 -55924 -18215 -11028 91195 -64020 -82982 86020 10878 -89624 -48220 -24112 -57422 37658 87221
