-27 -49 -27
-50 -25 -33
-6 -20 34
-50 16 16
-38 11 -33
-9 -34 46
26 4 -36
-1 -41 -1
14 -26 -13
-28 -18 -10
-32 39 -8
26 40 -49
44 -17 -18
-39 18 -19

-3 -95 -33
-43 1 -49
13 -9 35
-75 -23 54
-21 2 -52
-24 -84 75
22 -22 -84
5 -68 24
53 -19 0
-58 -43 -9
-77 54 -3
-9 78 -2
43 -45 -44
-22 15 -68

-11 -94 -68
-85 47 -72
-4 5 34
-69 -35 42
-59 19 -78
-70 -117 122
41 -34 -123
12 -83 1
82 -10 44
-15 -33 -46
-54 73 11
-5 105 -27
74 -86 -5
-43 -4 -92

Invalid Operation!

-47 -78 -117
-116 78 -118
-52 37 64
-60 10 56
-45 56 -73
-77 -105 79
32 9 -137
52 -60 36
118 -11 44
-41 1 -23
-98 121 -35
-47 138 8
103 -51 11
-69 -44 -115

-84 -120 -84
-125 43 -78
-102 38 93
-37 -39 36
-6 57 -69
-55 -132 56
18 -14 -186
20 -31 66
138 -51 -3
-11 -12 -16
-129 87 -20
-29 146 4
110 -43 58
-118 3 -67

-48 -121 -91
-78 15 -121
-82 9 66
-62 -13 74
-42 80 -77
-27 -132 63
29 22 -146
7 -41 49
168 -23 -21
-44 -48 -31
-147 37 14
-70 194 -6
111 -93 103
-160 -21 -46

-75 -109 -93
-55 -30 -84
-44 41 31
-99 -14 25
-56 113 -43
11 -134 64
33 2 -189
13 -1 55
139 -12 -57
-32 -7 -63
-110 0 10
-86 230 -39
148 -104 153
-209 -18 -48

Invalid Operation!

Invalid Operation!

-86 -59 -113
-51 19 -127
-82 69 76
-87 -39 4
-17 75 -46
-27 -101 79
-10 29 -141
44 12 72
169 -26 -27
-29 7 -82
-90 19 -10
-70 203 7
171 -119 176
-225 -5 0

-60 -33 -134
-76 -24 -140
-64 90 110
-107 -51 17
-34 109 -14
-14 -137 80
-28 -10 -174
49 -32 78
175 -31 13
-61 -1 -113
-138 53 35
-89 161 25
155 -92 165
-258 18 -7

943 636 -169 -835 775 -263 -323 239 219 778 662 -79 -151 -180 326 293 281 98 -1135 575 104 1102 495 372
1028 752 -208 -820 744 -232 -308 184 224 908 684 -112 -132 -228 312 288 344 148 -1200 556 84 1176 520 400
-384 170 -50 1000 -1064 606 542 -624 -142 66 -556 -212 212 -192 -406 -316 172 360 680 -774 -400 -590 -356 -104
394 382 187 -170 63 547 440 131 367 139 141 -389 -486 -321 294 243 253 671 -705 -22 -807 654 107 632
97 430 -355 475 -509 -29 -63 -565 -259 642 -128 21 491 -102 -388 -279 225 -76 305 -305 322 -196 -33 -300
-207 -444 571 -285 271 513 499 591 439 -892 -32 -259 -793 -42 482 345 -175 504 -355 77 -938 218 -89 604
992 642 -318 -920 892 -574 -602 196 86 942 744 80 68 -84 242 232 248 -188 -1060 698 516 1050 560 152
-554 -543 252 230 -181 148 197 131 -2 -714 -297 37 -140 147 1 -31 -257 -25 475 -167 -195 -507 -251 -68
-734 -976 119 -90 265 -617 -442 317 -257 -889 -165 481 182 525 -64 -95 -569 -787 785 216 699 -816 -183 -576
810 642 -223 -570 509 -207 -268 57 125 805 515 -71 -14 -183 178 177 295 81 -875 394 143 874 401 248
324 691 -89 440 -578 639 501 -438 117 589 -108 -396 -46 -414 -109 -56 432 654 -250 -437 -618 303 -20 340
70 692 -433 930 -1019 295 206 -919 -305 875 -333 -131 602 -267 -580 -419 403 173 485 -672 99 -324 -147 -288
-1353 -1454 606 365 -210 132 287 450 -34 -1813 -631 208 -315 465 48 -44 -722 -261 1140 -229 -253 -1232 -558 -252
1049 1347 -68 55 -313 986 728 -341 462 1139 250 -749 -419 -774 193 211 799 1240 -1235 -284 -1190 1253 261 960

1485
1544
2
6871
-4301
8685
-1578
1110
-4897
333
3277
-4057
1588
8796

Invalid Operation!

-1485 0 -7425 -1485 -2970 0 -5940 -1485 -1485 0 5940 -2970 0 -7425 0 -7425 -2970 -5940 1485 7425 4455 5940 7425 -1485 -5940 -1485 -4455 1485 5940 -2970 4455 -7425 1485 1485 -4455 7425 -7425 -4455 -5940 -2970 2970 7425
-1544 0 -7720 -1544 -3088 0 -6176 -1544 -1544 0 6176 -3088 0 -7720 0 -7720 -3088 -6176 1544 7720 4632 6176 7720 -1544 -6176 -1544 -4632 1544 6176 -3088 4632 -7720 1544 1544 -4632 7720 -7720 -4632 -6176 -3088 3088 7720
-2 0 -10 -2 -4 0 -8 -2 -2 0 8 -4 0 -10 0 -10 -4 -8 2 10 6 8 10 -2 -8 -2 -6 2 8 -4 6 -10 2 2 -6 10 -10 -6 -8 -4 4 10
-6871 0 -34355 -6871 -13742 0 -27484 -6871 -6871 0 27484 -13742 0 -34355 0 -34355 -13742 -27484 6871 34355 20613 27484 34355 -6871 -27484 -6871 -20613 6871 27484 -13742 20613 -34355 6871 6871 -20613 34355 -34355 -20613 -27484 -13742 13742 34355
4301 0 21505 4301 8602 0 17204 4301 4301 0 -17204 8602 0 21505 0 21505 8602 17204 -4301 -21505 -12903 -17204 -21505 4301 17204 4301 12903 -4301 -17204 8602 -12903 21505 -4301 -4301 12903 -21505 21505 12903 17204 8602 -8602 -21505
-8685 0 -43425 -8685 -17370 0 -34740 -8685 -8685 0 34740 -17370 0 -43425 0 -43425 -17370 -34740 8685 43425 26055 34740 43425 -8685 -34740 -8685 -26055 8685 34740 -17370 26055 -43425 8685 8685 -26055 43425 -43425 -26055 -34740 -17370 17370 43425
1578 0 7890 1578 3156 0 6312 1578 1578 0 -6312 3156 0 7890 0 7890 3156 6312 -1578 -7890 -4734 -6312 -7890 1578 6312 1578 4734 -1578 -6312 3156 -4734 7890 -1578 -1578 4734 -7890 7890 4734 6312 3156 -3156 -7890
-1110 0 -5550 -1110 -2220 0 -4440 -1110 -1110 0 4440 -2220 0 -5550 0 -5550 -2220 -4440 1110 5550 3330 4440 5550 -1110 -4440 -1110 -3330 1110 4440 -2220 3330 -5550 1110 1110 -3330 5550 -5550 -3330 -4440 -2220 2220 5550
4897 0 24485 4897 9794 0 19588 4897 4897 0 -19588 9794 0 24485 0 24485 9794 19588 -4897 -24485 -14691 -19588 -24485 4897 19588 4897 14691 -4897 -19588 9794 -14691 24485 -4897 -4897 14691 -24485 24485 14691 19588 9794 -9794 -24485
-333 0 -1665 -333 -666 0 -1332 -333 -333 0 1332 -666 0 -1665 0 -1665 -666 -1332 333 1665 999 1332 1665 -333 -1332 -333 -999 333 1332 -666 999 -1665 333 333 -999 1665 -1665 -999 -1332 -666 666 1665
-3277 0 -16385 -3277 -6554 0 -13108 -3277 -3277 0 13108 -6554 0 -16385 0 -16385 -6554 -13108 3277 16385 9831 13108 16385 -3277 -13108 -3277 -9831 3277 13108 -6554 9831 -16385 3277 3277 -9831 16385 -16385 -9831 -13108 -6554 6554 16385
4057 0 20285 4057 8114 0 16228 4057 4057 0 -16228 8114 0 20285 0 20285 8114 16228 -4057 -20285 -12171 -16228 -20285 4057 16228 4057 12171 -4057 -16228 8114 -12171 20285 -4057 -4057 12171 -20285 20285 12171 16228 8114 -8114 -20285
-1588 0 -7940 -1588 -3176 0 -6352 -1588 -1588 0 6352 -3176 0 -7940 0 -7940 -3176 -6352 1588 7940 4764 6352 7940 -1588 -6352 -1588 -4764 1588 6352 -3176 4764 -7940 1588 1588 -4764 7940 -7940 -4764 -6352 -3176 3176 7940
-8796 0 -43980 -8796 -17592 0 -35184 -8796 -8796 0 35184 -17592 0 -43980 0 -43980 -17592 -35184 8796 43980 26388 35184 43980 -8796 -35184 -8796 -26388 8796 35184 -17592 26388 -43980 8796 8796 -26388 43980 -43980 -26388 -35184 -17592 17592 43980

-1534 -8 -7448 -1504 -2953 -46 -5922 -1530 -1464 7 5918 -2977 -34 -7411 0 -7415 -2970 -5979 1506 7403 4476 5987 7379 -1514 -5990 -1504 -4486 1526 5950 -2921 4483 -7379 1476 1473 -4478 7417 -7398 -4476 -5942 -2939 2939 7452
-1536 20 -7696 -1552 -3108 -26 -6172 -1560 -1507 9 6157 -3113 -36 -7738 7 -7737 -3115 -6176 1560 7704 4628 6166 7676 -1588 -6143 -1510 -4646 1558 6191 -3082 4657 -7747 1553 1543 -4582 7760 -7764 -4628 -6202 -3111 3085 7726
0 11 29 -9 -26 -5 36 43 -39 -11 27 -34 30 -9 -46 -44 -39 -56 -43 -16 16 23 33 7 31 -39 -9 -36 -1 -27 -42 34 41 43 -20 11 10 8 22 30 -43 8
-6917 34 -34305 -6878 -13759 -1 -27454 -6848 -6847 23 27506 -13711 16 -34344 45 -34358 -13785 -27465 6896 34314 20660 27532 34339 -6888 -27485 -6917 -20566 6849 27456 -13758 20573 -34378 6872 6831 -20659 34323 -34311 -20646 -27442 -13791 13783 34369
4333 41 21514 4261 8590 16 17234 4297 4327 26 -17210 8562 -7 21481 -1 21529 8641 17226 -4310 -21455 -12920 -17161 -21511 4289 17165 4323 12943 -4314 -17180 8566 -12918 21511 -4346 -4256 12953 -21478 21516 12933 17177 8589 -8562 -21554
-8653 -18 -43413 -8704 -17380 35 -34787 -8653 -8717 -13 34698 -17357 -42 -43455 -15 -43376 -17328 -34748 8681 43402 26037 34742 43396 -8703 -34761 -8719 -26060 8722 34777 -17351 26093 -43406 8670 8685 -26072 43450 -43441 -26068 -34733 -17333 17327 43474
1577 0 7893 1546 3189 -6 6357 1557 1600 -24 -6348 3133 43 7884 27 7878 3136 6326 -1622 -7888 -4751 -6320 -7938 1595 6313 1599 4721 -1587 -6305 3185 -4744 7880 -1599 -1534 4777 -7894 7912 4771 6337 3183 -3159 -7850
-1156 -10 -5532 -1078 -2259 -18 -4410 -1108 -1075 -38 4485 -2250 -37 -5521 42 -5515 -2250 -4407 1124 5561 3337 4417 5589 -1077 -4417 -1100 -3377 1142 4427 -2219 3352 -5524 1085 1134 -3289 5537 -5595 -3309 -4400 -2179 2187 5517
4892 14 24532 4883 9793 -33 19591 4893 4859 -7 -19564 9745 -24 24516 46 24465 9807 19571 -4932 -24466 -14733 -19597 -24459 4947 19616 4929 14645 -4946 -19632 9765 -14722 24486 -4861 -4931 14662 -24466 24503 14649 19553 9825 -9792 -24513
-368 -38 -1712 -372 -673 50 -1304 -290 -381 37 1315 -637 -30 -1670 11 -1690 -669 -1382 364 1681 1001 1349 1631 -376 -1347 -299 -1033 368 1381 -648 956 -1701 297 327 -990 1672 -1671 -1012 -1332 -669 674 1632
-3268 -38 -16372 -3307 -6532 -41 -13103 -3275 -3318 -9 13111 -6578 -1 -16413 -40 -16370 -6598 -13150 3294 16383 9838 13140 16428 -3311 -13085 -3256 -9793 3283 13075 -6524 9788 -16425 3320 3297 -9816 16399 -16355 -9862 -13108 -6514 6565 16372
4057 -41 20294 4067 8072 50 16180 4016 4055 10 -16253 8138 -41 20266 -5 20333 8152 16275 -4030 -20239 -12214 -16275 -20235 4079 16246 4020 12213 -4055 -16241 8151 -12132 20322 -4077 -4025 12168 -20296 20250 12171 16261 8162 -8120 -20328
-1566 4 -7951 -1588 -3141 11 -6321 -1576 -1547 38 6368 -3136 44 -7923 -47 -7904 -3173 -6328 1544 7966 4775 6338 7948 -1596 -6393 -1631 -4721 1630 6306 -3155 4747 -7980 1562 1544 -4719 7899 -7989 -4739 -6397 -3133 3189 7895
-8830 7 -44024 -8793 -17565 9 -35207 -8829 -8811 -28 35188 -17616 15 -43933 -16 -43972 -17553 -35161 8809 43986 26354 35222 44027 -8801 -35203 -8747 -26418 8817 35159 -17625 26414 -43955 8754 8829 -26376 43949 -43954 -26415 -35198 -17632 17588 43954

-83291 -44585 40864 21423 85714 221247 -123823 9084 17082 11818 -87400 106662 -144551 -98121 115376 -87868 -98433 97886
-86906 -46064 43327 21102 89380 230231 -128855 8909 17676 12337 -92481 110492 -150149 -100839 120626 -91430 -102174 102031
-190 -568 -299 -37 -353 632 534 -35 -204 151 -1006 642 303 367 1196 266 -249 142
-385234 -205107 191774 97684 399290 1024876 -569320 41363 75631 55493 -411624 494122 -667020 -452551 536784 -404776 -454310 453551
241453 129105 -121142 -60614 -249029 -641338 357778 -27120 -45559 -34019 257735 -309102 416890 284071 -335729 253456 283562 -282425
-486414 -261039 242416 121941 502820 1294161 -720393 53089 95367 69597 -521194 625067 -841612 -574574 677219 -512964 -572693 573095
88159 47094 -44451 -22853 -92277 -236178 130177 -9957 -17035 -12216 94570 -113733 153692 104448 -123569 92455 103439 -103563
-61999 -33086 31758 15903 65279 164565 -93350 6376 12088 8563 -66593 79314 -107061 -73219 86285 -65745 -73050 72738
274867 146576 -136118 -69045 -283094 -729502 407188 -30024 -54645 -40396 294136 -352231 474387 323781 -382496 289836 323687 -324574
-19570 -10674 9822 4592 18336 49936 -27353 2480 3951 3386 -20016 23456 -33336 -22258 25675 -19727 -21745 22393
-183057 -98498 92106 46868 190246 488726 -270725 19504 36818 26162 -196621 236975 -318231 -215583 255750 -192470 -216867 216422
227040 121004 -114224 -56542 -234528 -605297 337054 -24135 -45472 -32658 243526 -291979 394655 267150 -316615 239557 269125 -268509
-88493 -47925 44390 22246 92238 235729 -132947 9232 18384 12250 -95783 115146 -154338 -105950 123415 -93182 -104852 105833
-491879 -264288 247027 122950 510787 1310427 -729981 52349 96705 70804 -527430 634009 -852788 -580708 685333 -519322 -580751 580944

Invalid Operation!

Invalid Operation!

Invalid Operation!

-83255 -44564 40846 21413 85680 221264 -123847 9051 17131 11805 -87450 106670 -144600 -98119 115366 -87873 -98477 97880
-86931 -46066 43307 21128 89413 230221 -128882 8933 17685 12295 -92440 110466 -150192 -100812 120604 -91440 -102207 102026
-199 -540 -253 -47 -388 612 516 -69 -238 106 -994 649 303 338 1151 229 -269 181
-385230 -205103 191820 97647 399337 1024913 -569298 41351 75679 55443 -411595 494120 -666991 -452547 536760 -404818 -454265 453542
241442 129081 -121100 -60608 -249047 -641334 357740 -27154 -45601 -34017 257715 -309113 416914 284106 -335752 253476 283611 -282417
-486373 -261086 242462 121980 502774 1294119 -720372 53056 95379 69644 -521218 625074 -841624 -574524 677253 -512950 -572688 573095
88127 47045 -44435 -22842 -92273 -236131 130127 -9979 -17004 -12204 94552 -113770 153661 104421 -123602 92420 103434 -103558
-62025 -33120 31714 15940 65242 164581 -93323 6412 12104 8608 -66593 79285 -107067 -73268 86258 -65751 -73037 72698
274858 146623 -136129 -69039 -283051 -729481 407140 -30062 -54667 -40426 294148 -352207 474346 323817 -382456 289801 323643 -324587
-19538 -10707 9828 4590 18297 49926 -27401 2486 3943 3396 -20066 23444 -33315 -22232 25694 -19734 -21764 22405
-183093 -98514 92063 46895 190285 488746 -270725 19552 36858 26186 -196624 236954 -318236 -215570 255747 -192519 -216872 216431
227065 121002 -114225 -56575 -234571 -605263 337094 -24173 -45429 -32649 243532 -292005 394659 267104 -316572 239603 269156 -268544
-88477 -47910 44387 22285 92227 235774 -132979 9200 18426 12300 -95780 115132 -154296 -105972 123383 -93191 -104822 105843
-491871 -264269 247049 122951 510799 1310405 -730022 52349 96721 70756 -527434 634006 -852820 -580713 685295 -519273 -580767 580980

Invalid Operation!
